<?xml version="1.0" encoding="UTF-8"?>
<testsuite xmlns:xsi="http://www.w3.org/2001/XMLSchema-instance" xsi:noNamespaceSchemaLocation="https://maven.apache.org/surefire/maven-surefire-plugin/xsd/surefire-test-report.xsd" name="com.pcwk.ehr.JunitUserDaoTest" time="1.738" tests="2" errors="1" skipped="0" failures="0">
  <properties>
    <property name="sun.desktop" value="windows"/>
    <property name="awt.toolkit" value="sun.awt.windows.WToolkit"/>
    <property name="file.encoding.pkg" value="sun.io"/>
    <property name="java.specification.version" value="1.8"/>
    <property name="sun.cpu.isalist" value="amd64"/>
    <property name="sun.jnu.encoding" value="MS949"/>
    <property name="java.class.path" value="C:\DCOM_20220127\04_SPRING\workspace\S_SH06_01\target\test-classes;C:\DCOM_20220127\04_SPRING\workspace\S_SH06_01\target\classes;C:\DCOM_20220127\04_SPRING\repository\org\springframework\spring-test\5.3.18\spring-test-5.3.18.jar;C:\DCOM_20220127\04_SPRING\repository\org\springframework\spring-core\5.3.18\spring-core-5.3.18.jar;C:\DCOM_20220127\04_SPRING\repository\org\springframework\spring-jcl\5.3.18\spring-jcl-5.3.18.jar;C:\DCOM_20220127\04_SPRING\repository\org\springframework\spring-jdbc\5.3.18\spring-jdbc-5.3.18.jar;C:\DCOM_20220127\04_SPRING\repository\org\springframework\spring-beans\5.3.18\spring-beans-5.3.18.jar;C:\DCOM_20220127\04_SPRING\repository\org\springframework\spring-tx\5.3.18\spring-tx-5.3.18.jar;C:\DCOM_20220127\04_SPRING\repository\org\springframework\spring-context\5.3.18\spring-context-5.3.18.jar;C:\DCOM_20220127\04_SPRING\repository\org\springframework\spring-aop\5.3.18\spring-aop-5.3.18.jar;C:\DCOM_20220127\04_SPRING\repository\org\springframework\spring-expression\5.3.18\spring-expression-5.3.18.jar;C:\DCOM_20220127\04_SPRING\repository\com\oracle\database\jdbc\ojdbc8\18.3.0.0\ojdbc8-18.3.0.0.jar;C:\DCOM_20220127\04_SPRING\repository\com\oracle\database\jdbc\ucp\18.3.0.0\ucp-18.3.0.0.jar;C:\DCOM_20220127\04_SPRING\repository\com\oracle\database\security\oraclepki\18.3.0.0\oraclepki-18.3.0.0.jar;C:\DCOM_20220127\04_SPRING\repository\com\oracle\database\security\osdt_cert\18.3.0.0\osdt_cert-18.3.0.0.jar;C:\DCOM_20220127\04_SPRING\repository\com\oracle\database\security\osdt_core\18.3.0.0\osdt_core-18.3.0.0.jar;C:\DCOM_20220127\04_SPRING\repository\com\oracle\database\ha\simplefan\18.3.0.0\simplefan-18.3.0.0.jar;C:\DCOM_20220127\04_SPRING\repository\com\oracle\database\ha\ons\18.3.0.0\ons-18.3.0.0.jar;C:\DCOM_20220127\04_SPRING\repository\org\apache\logging\log4j\log4j-core\2.17.2\log4j-core-2.17.2.jar;C:\DCOM_20220127\04_SPRING\repository\org\apache\logging\log4j\log4j-api\2.17.2\log4j-api-2.17.2.jar;C:\DCOM_20220127\04_SPRING\repository\junit\junit\4.13.2\junit-4.13.2.jar;C:\DCOM_20220127\04_SPRING\repository\org\hamcrest\hamcrest-core\1.3\hamcrest-core-1.3.jar;"/>
    <property name="java.vm.vendor" value="Oracle Corporation"/>
    <property name="sun.arch.data.model" value="64"/>
    <property name="user.variant" value=""/>
    <property name="java.vendor.url" value="http://java.oracle.com/"/>
    <property name="user.timezone" value="Asia/Seoul"/>
    <property name="java.vm.specification.version" value="1.8"/>
    <property name="os.name" value="Windows 10"/>
    <property name="user.country" value="KR"/>
    <property name="sun.java.launcher" value="SUN_STANDARD"/>
    <property name="sun.boot.library.path" value="C:\Program Files\Java\jdk1.8.0_202\jre\bin"/>
    <property name="sun.java.command" value="C:\Users\ITSC\AppData\Local\Temp\surefire5812565601653749092\surefirebooter8151080431958336477.jar C:\Users\ITSC\AppData\Local\Temp\surefire5812565601653749092 2022-05-31T10-47-00_450-jvmRun1 surefire6619557252058552487tmp surefire_05580673960182627138tmp"/>
    <property name="surefire.test.class.path" value="C:\DCOM_20220127\04_SPRING\workspace\S_SH06_01\target\test-classes;C:\DCOM_20220127\04_SPRING\workspace\S_SH06_01\target\classes;C:\DCOM_20220127\04_SPRING\repository\org\springframework\spring-test\5.3.18\spring-test-5.3.18.jar;C:\DCOM_20220127\04_SPRING\repository\org\springframework\spring-core\5.3.18\spring-core-5.3.18.jar;C:\DCOM_20220127\04_SPRING\repository\org\springframework\spring-jcl\5.3.18\spring-jcl-5.3.18.jar;C:\DCOM_20220127\04_SPRING\repository\org\springframework\spring-jdbc\5.3.18\spring-jdbc-5.3.18.jar;C:\DCOM_20220127\04_SPRING\repository\org\springframework\spring-beans\5.3.18\spring-beans-5.3.18.jar;C:\DCOM_20220127\04_SPRING\repository\org\springframework\spring-tx\5.3.18\spring-tx-5.3.18.jar;C:\DCOM_20220127\04_SPRING\repository\org\springframework\spring-context\5.3.18\spring-context-5.3.18.jar;C:\DCOM_20220127\04_SPRING\repository\org\springframework\spring-aop\5.3.18\spring-aop-5.3.18.jar;C:\DCOM_20220127\04_SPRING\repository\org\springframework\spring-expression\5.3.18\spring-expression-5.3.18.jar;C:\DCOM_20220127\04_SPRING\repository\com\oracle\database\jdbc\ojdbc8\18.3.0.0\ojdbc8-18.3.0.0.jar;C:\DCOM_20220127\04_SPRING\repository\com\oracle\database\jdbc\ucp\18.3.0.0\ucp-18.3.0.0.jar;C:\DCOM_20220127\04_SPRING\repository\com\oracle\database\security\oraclepki\18.3.0.0\oraclepki-18.3.0.0.jar;C:\DCOM_20220127\04_SPRING\repository\com\oracle\database\security\osdt_cert\18.3.0.0\osdt_cert-18.3.0.0.jar;C:\DCOM_20220127\04_SPRING\repository\com\oracle\database\security\osdt_core\18.3.0.0\osdt_core-18.3.0.0.jar;C:\DCOM_20220127\04_SPRING\repository\com\oracle\database\ha\simplefan\18.3.0.0\simplefan-18.3.0.0.jar;C:\DCOM_20220127\04_SPRING\repository\com\oracle\database\ha\ons\18.3.0.0\ons-18.3.0.0.jar;C:\DCOM_20220127\04_SPRING\repository\org\apache\logging\log4j\log4j-core\2.17.2\log4j-core-2.17.2.jar;C:\DCOM_20220127\04_SPRING\repository\org\apache\logging\log4j\log4j-api\2.17.2\log4j-api-2.17.2.jar;C:\DCOM_20220127\04_SPRING\repository\junit\junit\4.13.2\junit-4.13.2.jar;C:\DCOM_20220127\04_SPRING\repository\org\hamcrest\hamcrest-core\1.3\hamcrest-core-1.3.jar;"/>
    <property name="sun.cpu.endian" value="little"/>
    <property name="user.home" value="C:\Users\ITSC"/>
    <property name="user.language" value="ko"/>
    <property name="java.specification.vendor" value="Oracle Corporation"/>
    <property name="java.home" value="C:\Program Files\Java\jdk1.8.0_202\jre"/>
    <property name="basedir" value="C:\DCOM_20220127\04_SPRING\workspace\S_SH06_01"/>
    <property name="style.color" value="always"/>
    <property name="file.separator" value="\"/>
    <property name="line.separator" value="&#10;"/>
    <property name="java.vm.specification.vendor" value="Oracle Corporation"/>
    <property name="java.specification.name" value="Java Platform API Specification"/>
    <property name="java.awt.graphicsenv" value="sun.awt.Win32GraphicsEnvironment"/>
    <property name="surefire.real.class.path" value="C:\Users\ITSC\AppData\Local\Temp\surefire5812565601653749092\surefirebooter8151080431958336477.jar"/>
    <property name="sun.boot.class.path" value="C:\Program Files\Java\jdk1.8.0_202\jre\lib\resources.jar;C:\Program Files\Java\jdk1.8.0_202\jre\lib\rt.jar;C:\Program Files\Java\jdk1.8.0_202\jre\lib\sunrsasign.jar;C:\Program Files\Java\jdk1.8.0_202\jre\lib\jsse.jar;C:\Program Files\Java\jdk1.8.0_202\jre\lib\jce.jar;C:\Program Files\Java\jdk1.8.0_202\jre\lib\charsets.jar;C:\Program Files\Java\jdk1.8.0_202\jre\lib\jfr.jar;C:\Program Files\Java\jdk1.8.0_202\jre\classes"/>
    <property name="user.script" value=""/>
    <property name="sun.management.compiler" value="HotSpot 64-Bit Tiered Compilers"/>
    <property name="java.runtime.version" value="1.8.0_202-b08"/>
    <property name="user.name" value="ITSC"/>
    <property name="path.separator" value=";"/>
    <property name="os.version" value="10.0"/>
    <property name="java.endorsed.dirs" value="C:\Program Files\Java\jdk1.8.0_202\jre\lib\endorsed"/>
    <property name="java.runtime.name" value="Java(TM) SE Runtime Environment"/>
    <property name="file.encoding" value="MS949"/>
    <property name="java.vm.name" value="Java HotSpot(TM) 64-Bit Server VM"/>
    <property name="localRepository" value="C:\DCOM_20220127\04_SPRING\repository"/>
    <property name="java.vendor.url.bug" value="http://bugreport.sun.com/bugreport/"/>
    <property name="java.io.tmpdir" value="C:\Users\ITSC\AppData\Local\Temp\"/>
    <property name="java.version" value="1.8.0_202"/>
    <property name="user.dir" value="C:\DCOM_20220127\04_SPRING\workspace\S_SH06_01"/>
    <property name="os.arch" value="amd64"/>
    <property name="java.vm.specification.name" value="Java Virtual Machine Specification"/>
    <property name="java.awt.printerjob" value="sun.awt.windows.WPrinterJob"/>
    <property name="sun.os.patch.level" value=""/>
    <property name="java.library.path" value="C:\Program Files\Java\jdk1.8.0_202\jre\bin;C:\WINDOWS\Sun\Java\bin;C:\WINDOWS\system32;C:\WINDOWS;C:/Program Files/Java/jre1.8.0_202/bin/server;C:/Program Files/Java/jre1.8.0_202/bin;C:/Program Files/Java/jre1.8.0_202/lib/amd64;C:\app\ITSC\product\18.0.0\dbhomeXE\bin;C:\Program Files (x86)\Common Files\Oracle\Java\javapath;C:\WINDOWS\system32;C:\WINDOWS;C:\WINDOWS\System32\Wbem;C:\WINDOWS\System32\WindowsPowerShell\v1.0\;C:\WINDOWS\System32\OpenSSH\;C:\Program Files\nodejs\;C:\Program Files\Git\cmd;C:\Users\ITSC\AppData\Local\Microsoft\WindowsApps;C:\Program Files\Bandizip\;C:\Program Files\Java\jdk1.8.0_202\bin;C:\Users\ITSC\AppData\Roaming\npm;C:\apache-maven-3.8.5\bin;;C:\DCOM_20220127\04_SPRING\app\spring-tool-suite-3.9.12\sts-bundle\sts-3.9.12.RELEASE;;."/>
    <property name="java.vm.info" value="mixed mode"/>
    <property name="java.vendor" value="Oracle Corporation"/>
    <property name="java.vm.version" value="25.202-b08"/>
    <property name="java.ext.dirs" value="C:\Program Files\Java\jdk1.8.0_202\jre\lib\ext;C:\WINDOWS\Sun\Java\lib\ext"/>
    <property name="sun.io.unicode.encoding" value="UnicodeLittle"/>
    <property name="java.class.version" value="52.0"/>
  </properties>
  <testcase name="addAndGet" classname="com.pcwk.ehr.JunitUserDaoTest" time="0.986">
    <error type="java.lang.NullPointerException">java.lang.NullPointerException
	at com.pcwk.ehr.JunitUserDaoTest.addAndGet(JunitUserDaoTest.java:55)
</error>
    <system-out><![CDATA[[2022-05-31 10:47:02.273] INFO  AbstractTestContextBootstrapper.getDefaultTestExecutionListenerClassNames(AbstractTestContextBootstrapper.java:245) - Loaded default TestExecutionListener class names from location [META-INF/spring.factories]: [org.springframework.test.context.web.ServletTestExecutionListener, org.springframework.test.context.support.DirtiesContextBeforeModesTestExecutionListener, org.springframework.test.context.event.ApplicationEventsTestExecutionListener, org.springframework.test.context.support.DependencyInjectionTestExecutionListener, org.springframework.test.context.support.DirtiesContextTestExecutionListener, org.springframework.test.context.transaction.TransactionalTestExecutionListener, org.springframework.test.context.jdbc.SqlScriptsTestExecutionListener, org.springframework.test.context.event.EventPublishingTestExecutionListener]
[2022-05-31 10:47:02.284] INFO  AbstractTestContextBootstrapper.getTestExecutionListeners(AbstractTestContextBootstrapper.java:174) - Using TestExecutionListeners: [org.springframework.test.context.support.DirtiesContextBeforeModesTestExecutionListener@2525ff7e, org.springframework.test.context.event.ApplicationEventsTestExecutionListener@524d6d96, org.springframework.test.context.support.DependencyInjectionTestExecutionListener@152aa092, org.springframework.test.context.support.DirtiesContextTestExecutionListener@44a7bfbc, org.springframework.test.context.transaction.TransactionalTestExecutionListener@4ef37659, org.springframework.test.context.jdbc.SqlScriptsTestExecutionListener@776b83cc, org.springframework.test.context.event.EventPublishingTestExecutionListener@37858383]
[2022-05-31 10:47:02.528] DEBUG JunitUserDaoTest.setUp(JunitUserDaoTest.java:87) - =============
[2022-05-31 10:47:02.528] DEBUG JunitUserDaoTest.setUp(JunitUserDaoTest.java:88) - =0.setUp()=
[2022-05-31 10:47:02.528] DEBUG JunitUserDaoTest.setUp(JunitUserDaoTest.java:89) - =============
[2022-05-31 10:47:02.530] DEBUG JunitUserDaoTest.setUp(JunitUserDaoTest.java:93) - context: org.springframework.context.support.GenericApplicationContext@550ee7e5, started on Tue May 31 10:47:02 KST 2022
[2022-05-31 10:47:02.530] DEBUG JunitUserDaoTest.setUp(JunitUserDaoTest.java:94) - dao: com.pcwk.ehr.UserDao@5c669da8
[2022-05-31 10:47:02.531] DEBUG JunitUserDaoTest.addAndGet(JunitUserDaoTest.java:33) - =============
[2022-05-31 10:47:02.531] DEBUG JunitUserDaoTest.addAndGet(JunitUserDaoTest.java:34) - =1.addAndGet()=
[2022-05-31 10:47:02.531] DEBUG JunitUserDaoTest.addAndGet(JunitUserDaoTest.java:35) - =============
[2022-05-31 10:47:02.981] DEBUG UserDao.deleteAll(UserDao.java:94) - ================================
[2022-05-31 10:47:02.982] DEBUG UserDao.deleteAll(UserDao.java:95) - SQL:
 DELETE FROM hr_member 

[2022-05-31 10:47:02.982] DEBUG UserDao.deleteAll(UserDao.java:96) - ================================
[2022-05-31 10:47:03.057] DEBUG UserDao.deleteAll(UserDao.java:103) - =flag=0
[2022-05-31 10:47:03.099] DEBUG UserDao.getCount(UserDao.java:50) - =========================
[2022-05-31 10:47:03.100] DEBUG UserDao.getCount(UserDao.java:51) - param: UserVO [uId=p05, name=김무엘05, passwd=4321]
[2022-05-31 10:47:03.100] DEBUG UserDao.getCount(UserDao.java:52) - SQL:
 SELECT COUNT(*) AS cnt  
 FROM hr_member          
 WHERE u_id LIKE ?||'%'  

[2022-05-31 10:47:03.100] DEBUG UserDao.getCount(UserDao.java:53) - =========================
[2022-05-31 10:47:03.152] DEBUG UserDao.getCount(UserDao.java:64) - =count=0
[2022-05-31 10:47:03.246] DEBUG UserDao.add(UserDao.java:203) - ================================
[2022-05-31 10:47:03.246] DEBUG UserDao.add(UserDao.java:204) - param: UserVO [uId=p05, name=김무엘05, passwd=4321]
[2022-05-31 10:47:03.246] DEBUG UserDao.add(UserDao.java:205) - SQL:
 INSERT INTO hr_member (  
     u_id,                
     name,                
     passwd               
 ) VALUES (               
     ?,                   
     ?,                   
     ?                    
 )                        

[2022-05-31 10:47:03.246] DEBUG UserDao.add(UserDao.java:206) - ================================
[2022-05-31 10:47:03.248] DEBUG UserDao.add(UserDao.java:216) - =flag=1
[2022-05-31 10:47:03.292] DEBUG UserDao.getCount(UserDao.java:50) - =========================
[2022-05-31 10:47:03.293] DEBUG UserDao.getCount(UserDao.java:51) - param: UserVO [uId=p05, name=김무엘05, passwd=4321]
[2022-05-31 10:47:03.293] DEBUG UserDao.getCount(UserDao.java:52) - SQL:
 SELECT COUNT(*) AS cnt  
 FROM hr_member          
 WHERE u_id LIKE ?||'%'  

[2022-05-31 10:47:03.293] DEBUG UserDao.getCount(UserDao.java:53) - =========================
[2022-05-31 10:47:03.294] DEBUG UserDao.getCount(UserDao.java:64) - =count=1
[2022-05-31 10:47:03.339] DEBUG UserDao.add(UserDao.java:203) - ================================
[2022-05-31 10:47:03.339] DEBUG UserDao.add(UserDao.java:204) - param: UserVO [uId=p050, name=김무엘050, passwd=4321]
[2022-05-31 10:47:03.339] DEBUG UserDao.add(UserDao.java:205) - SQL:
 INSERT INTO hr_member (  
     u_id,                
     name,                
     passwd               
 ) VALUES (               
     ?,                   
     ?,                   
     ?                    
 )                        

[2022-05-31 10:47:03.339] DEBUG UserDao.add(UserDao.java:206) - ================================
[2022-05-31 10:47:03.341] DEBUG UserDao.add(UserDao.java:216) - =flag=1
[2022-05-31 10:47:03.383] DEBUG UserDao.getCount(UserDao.java:50) - =========================
[2022-05-31 10:47:03.383] DEBUG UserDao.getCount(UserDao.java:51) - param: UserVO [uId=p05, name=김무엘05, passwd=4321]
[2022-05-31 10:47:03.383] DEBUG UserDao.getCount(UserDao.java:52) - SQL:
 SELECT COUNT(*) AS cnt  
 FROM hr_member          
 WHERE u_id LIKE ?||'%'  

[2022-05-31 10:47:03.383] DEBUG UserDao.getCount(UserDao.java:53) - =========================
[2022-05-31 10:47:03.384] DEBUG UserDao.getCount(UserDao.java:64) - =count=2
[2022-05-31 10:47:03.428] DEBUG UserDao.get(UserDao.java:137) - =========================
[2022-05-31 10:47:03.429] DEBUG UserDao.get(UserDao.java:138) - param: UserVO [uId=p05, name=김무엘05, passwd=4321]
[2022-05-31 10:47:03.429] DEBUG UserDao.get(UserDao.java:139) - SQL:
 SELECT         
     u_id,      
     name,      
     passwd     
 FROM hr_member 
 WHERE u_id = ? 

[2022-05-31 10:47:03.429] DEBUG UserDao.get(UserDao.java:140) - =========================
[2022-05-31 10:47:03.436] DEBUG UserDao.get(UserDao.java:162) - =outVO=UserVO [uId=p05, name=김무엘05, passwd=4321]
[2022-05-31 10:47:03.480] DEBUG UserDao.get(UserDao.java:137) - =========================
[2022-05-31 10:47:03.480] DEBUG UserDao.get(UserDao.java:138) - param: UserVO [uId=p050, name=김무엘050, passwd=4321]
[2022-05-31 10:47:03.481] DEBUG UserDao.get(UserDao.java:139) - SQL:
 SELECT         
     u_id,      
     name,      
     passwd     
 FROM hr_member 
 WHERE u_id = ? 

[2022-05-31 10:47:03.481] DEBUG UserDao.get(UserDao.java:140) - =========================
[2022-05-31 10:47:03.487] DEBUG JunitUserDaoTest.tearDown(JunitUserDaoTest.java:103) - =============
[2022-05-31 10:47:03.488] DEBUG JunitUserDaoTest.tearDown(JunitUserDaoTest.java:104) - =9.tearDown()=
[2022-05-31 10:47:03.488] DEBUG JunitUserDaoTest.tearDown(JunitUserDaoTest.java:105) - =============
]]></system-out>
  </testcase>
  <testcase name="getFailure" classname="com.pcwk.ehr.JunitUserDaoTest" time="0.101"/>
</testsuite>